2 1 4 1 4
5 2 4 3 5
1 1 3 5 5
3 2 4 2 2
4 4 4 3 4
NO SE PUEDE
1 1 2 1 2
2 2 2 2 2
2 1 4 1 5
1 1 2 1 3
3 3 4 4 5
2 1 6 1 6
1 1 3 1 3
3 4 6 4 6
1 1 3 1 3
2 2 2 2 3
3 3 3 2 3
NO SE PUEDE
NO SE PUEDE
2 1 10 1 2
3 1 10 3 4
4 1 10 5 6
5 1 10 7 8
6 1 10 9 10
1 7 8 9 10
7 3 4 1 2
8 3 4 3 4
9 3 4 5 6
10 3 4 7 8
11 3 4 9 10
12 5 6 1 2
13 5 6 3 4
14 5 6 5 6
15 5 6 7 8
16 5 6 9 10
17 7 8 1 2
18 7 8 3 4
19 7 8 5 6
20 7 8 7 8
NO SE PUEDE
NO SE PUEDE
NO SE PUEDE
NO SE PUEDE
NO SE PUEDE
NO SE PUEDE
1 1 1 1 2
2 2 2 1 2
3 3 3 1 2
3 1 4 2 4
5 1 4 5 5
7 2 4 3 3
14 2 3 5 5
1 1 1 1 1
2 1 1 2 2
4 1 1 4 4
6 2 2 1 1
8 2 2 4 4
9 4 4 1 1
10 3 3 1 1
11 3 3 2 2
12 3 3 3 3
13 3 3 4 4
15 2 2 2 2
2 1 2 2 3
1 1 2 1 1
3 1 1 2 2
1 1 1 1 3
2 1 1 2 2
1 1 4 1 4
3 1 4 5 8
2 3 6 3 7
4 5 6 1 2
5 5 6 8 8
